<?xml version="1.0" encoding="UTF-8"?>
<!-- Generated by org.testng.reporters.JUnitReportReporter -->
<testsuite hostname="LAPTOP-43PCSA7J" failures="0" tests="6" name="com.Testcases.TC_02_CreateUser" time="11.748" errors="0" timestamp="2022-04-25T13:22:23 PDT" skipped="0">
  <testcase classname="com.Testcases.TC_02_CreateUser" name="validateCreateUser" time="8.751"/>
  <system-out/>
  <testcase classname="com.Testcases.TC_02_CreateUser" name="validateCreateOrder" time="0.571"/>
  <system-out/>
  <testcase classname="com.Testcases.TC_02_CreateUser" name="GetCreatedUserByID" time="0.650"/>
  <system-out/>
  <testcase classname="com.Testcases.TC_02_CreateUser" name="validateUpdateUser" time="0.626"/>
  <system-out/>
  <testcase classname="com.Testcases.TC_02_CreateUser" name="validatedeleteUser" time="0.551"/>
  <system-out/>
  <testcase classname="com.Testcases.TC_02_CreateUser" name="validatedeleteorder" time="0.599"/>
  <system-out/>
</testsuite> <!-- com.Testcases.TC_02_CreateUser -->
