<?xml version="1.0" encoding="UTF-8"?>
<!-- Generated by org.testng.reporters.JUnitReportReporter -->
<testsuite hostname="LAPTOP-43PCSA7J" failures="0" tests="3" name="com.Testcases.AutomationPracticeWebsiteTestcase" time="51.193" errors="0" timestamp="2022-04-26T21:10:46 PDT" skipped="0">
  <testcase classname="com.Testcases.AutomationPracticeWebsiteTestcase" name="testCreateAccount" time="25.725"/>
  <system-out/>
  <testcase classname="com.Testcases.AutomationPracticeWebsiteTestcase" name="LogIN" time="6.222"/>
  <system-out/>
  <testcase classname="com.Testcases.AutomationPracticeWebsiteTestcase" name="testsignin" time="19.246"/>
  <system-out/>
</testsuite> <!-- com.Testcases.AutomationPracticeWebsiteTestcase -->
